0 info it worked if it ends with ok
1 verbose cli [ 'c:\\Program Files\\nodejs\\\\node.exe',
1 verbose cli   'c:\\Program Files\\nodejs\\node_modules\\npm\\bin\\npm-cli.js',
1 verbose cli   'install' ]
2 info using npm@1.3.21
3 info using node@v0.10.24
4 verbose node symlink c:\Program Files\nodejs\\node.exe
5 verbose readDependencies using package.json deps
6 verbose install where, deps [ 'c:\\Users\\Mikeumus\\Desktop\\MDM\\Projects\\MDM-Projects\\bshares.co\\Development\\Staging',
6 verbose install   [ 'docpad',
6 verbose install     'docpad-plugin-cleanurls',
6 verbose install     'docpad-plugin-coffeescript',
6 verbose install     'docpad-plugin-eco',
6 verbose install     'docpad-plugin-marked',
6 verbose install     'docpad-plugin-partials',
6 verbose install     'docpad-plugin-text',
6 verbose install     'docpad-plugin-bitcoinsvg',
6 verbose install     'docpad-plugin-hapi',
6 verbose install     'docpad-plugin-livereload',
6 verbose install     'docpad-plugin-ghpages' ] ]
7 info preinstall bshares.docpad@0.0.1
8 verbose readDependencies using package.json deps
9 verbose cache add [ 'docpad@~6.60.3', null ]
10 verbose cache add name=undefined spec="docpad@~6.60.3" args=["docpad@~6.60.3",null]
11 verbose parsed url { protocol: null,
11 verbose parsed url   slashes: null,
11 verbose parsed url   auth: null,
11 verbose parsed url   host: null,
11 verbose parsed url   port: null,
11 verbose parsed url   hostname: null,
11 verbose parsed url   hash: null,
11 verbose parsed url   search: null,
11 verbose parsed url   query: null,
11 verbose parsed url   pathname: 'docpad@~6.60.3',
11 verbose parsed url   path: 'docpad@~6.60.3',
11 verbose parsed url   href: 'docpad@~6.60.3' }
12 verbose cache add name="docpad" spec="~6.60.3" args=["docpad","~6.60.3"]
13 verbose parsed url { protocol: null,
13 verbose parsed url   slashes: null,
13 verbose parsed url   auth: null,
13 verbose parsed url   host: null,
13 verbose parsed url   port: null,
13 verbose parsed url   hostname: null,
13 verbose parsed url   hash: null,
13 verbose parsed url   search: null,
13 verbose parsed url   query: null,
13 verbose parsed url   pathname: '~6.60.3',
13 verbose parsed url   path: '~6.60.3',
13 verbose parsed url   href: '~6.60.3' }
14 verbose addNamed [ 'docpad', '~6.60.3' ]
15 verbose addNamed [ null, '>=6.60.3-0 <6.61.0-0' ]
16 verbose already installed skipping docpad-plugin-cleanurls@~2.6.2 c:\Users\Mikeumus\Desktop\MDM\Projects\MDM-Projects\bshares.co\Development\Staging
17 verbose already installed skipping docpad-plugin-coffeescript@~2.2.3 c:\Users\Mikeumus\Desktop\MDM\Projects\MDM-Projects\bshares.co\Development\Staging
18 verbose already installed skipping docpad-plugin-eco@~2.0.3 c:\Users\Mikeumus\Desktop\MDM\Projects\MDM-Projects\bshares.co\Development\Staging
19 verbose already installed skipping docpad-plugin-marked@~2.2.0 c:\Users\Mikeumus\Desktop\MDM\Projects\MDM-Projects\bshares.co\Development\Staging
20 verbose already installed skipping docpad-plugin-partials@~2.8.1 c:\Users\Mikeumus\Desktop\MDM\Projects\MDM-Projects\bshares.co\Development\Staging
21 verbose already installed skipping docpad-plugin-text@~2.3.2 c:\Users\Mikeumus\Desktop\MDM\Projects\MDM-Projects\bshares.co\Development\Staging
22 verbose already installed skipping docpad-plugin-bitcoinsvg@~2.0.1 c:\Users\Mikeumus\Desktop\MDM\Projects\MDM-Projects\bshares.co\Development\Staging
23 verbose already installed skipping docpad-plugin-hapi@~2.3.0 c:\Users\Mikeumus\Desktop\MDM\Projects\MDM-Projects\bshares.co\Development\Staging
24 verbose already installed skipping docpad-plugin-livereload@~2.5.6 c:\Users\Mikeumus\Desktop\MDM\Projects\MDM-Projects\bshares.co\Development\Staging
25 verbose already installed skipping docpad-plugin-ghpages@~2.4.3 c:\Users\Mikeumus\Desktop\MDM\Projects\MDM-Projects\bshares.co\Development\Staging
26 silly lockFile 740fd8c8-docpad-6-60-3 docpad@~6.60.3
27 verbose lock docpad@~6.60.3 C:\Users\Mikeumus\AppData\Roaming\npm-cache\740fd8c8-docpad-6-60-3.lock
28 silly addNameRange { name: 'docpad', range: '>=6.60.3-0 <6.61.0-0', hasData: false }
29 verbose url raw docpad
30 verbose url resolving [ 'https://registry.npmjs.org/', './docpad' ]
31 verbose url resolved https://registry.npmjs.org/docpad
32 info trying registry request attempt 1 at 12:59:38
33 verbose etag "28UJNGN8TJ1V371M5FF4VXSV1"
34 http GET https://registry.npmjs.org/docpad
35 http 304 https://registry.npmjs.org/docpad
36 silly registry.get cb [ 304,
36 silly registry.get   { date: 'Wed, 29 Jan 2014 17:59:37 GMT',
36 silly registry.get     server: 'Apache',
36 silly registry.get     connection: 'Keep-Alive',
36 silly registry.get     'keep-alive': 'timeout=10, max=50',
36 silly registry.get     etag: '"28UJNGN8TJ1V371M5FF4VXSV1"',
36 silly registry.get     vary: 'Accept' } ]
37 verbose etag docpad from cache
38 silly addNameRange number 2 { name: 'docpad', range: '>=6.60.3-0 <6.61.0-0', hasData: true }
39 silly addNameRange versions [ 'docpad',
39 silly addNameRange   [ '0.1.0',
39 silly addNameRange     '0.4.0',
39 silly addNameRange     '0.5.0',
39 silly addNameRange     '0.5.1',
39 silly addNameRange     '0.6.0',
39 silly addNameRange     '0.6.1',
39 silly addNameRange     '0.7.0',
39 silly addNameRange     '0.8.0',
39 silly addNameRange     '0.8.1',
39 silly addNameRange     '0.8.3',
39 silly addNameRange     '0.9.0',
39 silly addNameRange     '0.9.1',
39 silly addNameRange     '0.9.2',
39 silly addNameRange     '0.9.3',
39 silly addNameRange     '0.9.4',
39 silly addNameRange     '0.9.5',
39 silly addNameRange     '0.9.6',
39 silly addNameRange     '0.9.7',
39 silly addNameRange     '0.9.8',
39 silly addNameRange     '0.9.9',
39 silly addNameRange     '0.9.10',
39 silly addNameRange     '0.9.11',
39 silly addNameRange     '0.9.12',
39 silly addNameRange     '0.9.13',
39 silly addNameRange     '0.9.14',
39 silly addNameRange     '0.9.15',
39 silly addNameRange     '0.9.16',
39 silly addNameRange     '0.9.17',
39 silly addNameRange     '0.9.18',
39 silly addNameRange     '0.9.19',
39 silly addNameRange     '0.9.20',
39 silly addNameRange     '0.9.21',
39 silly addNameRange     '0.9.22',
39 silly addNameRange     '0.10.0',
39 silly addNameRange     '1.0.0',
39 silly addNameRange     '1.0.1',
39 silly addNameRange     '1.0.2',
39 silly addNameRange     '1.0.3',
39 silly addNameRange     '1.1.1',
39 silly addNameRange     '1.1.2',
39 silly addNameRange     '1.1.3',
39 silly addNameRange     '1.1.4',
39 silly addNameRange     '1.1.6',
39 silly addNameRange     '1.2.0',
39 silly addNameRange     '1.2.1',
39 silly addNameRange     '1.2.2',
39 silly addNameRange     '1.2.3',
39 silly addNameRange     '1.2.4',
39 silly addNameRange     '1.2.5',
39 silly addNameRange     '1.3.0',
39 silly addNameRange     '1.3.1',
39 silly addNameRange     '1.3.2',
39 silly addNameRange     '1.3.3',
39 silly addNameRange     '1.3.5',
39 silly addNameRange     '1.3.6',
39 silly addNameRange     '1.3.7',
39 silly addNameRange     '1.3.8',
39 silly addNameRange     '1.4.0',
39 silly addNameRange     '1.4.1',
39 silly addNameRange     '2.0.0',
39 silly addNameRange     '2.0.1',
39 silly addNameRange     '2.0.2',
39 silly addNameRange     '2.1.0',
39 silly addNameRange     '2.1.1',
39 silly addNameRange     '2.2.0',
39 silly addNameRange     '2.2.1',
39 silly addNameRange     '2.3.0',
39 silly addNameRange     '2.3.1',
39 silly addNameRange     '2.3.2',
39 silly addNameRange     '2.3.3',
39 silly addNameRange     '2.3.4',
39 silly addNameRange     '2.3.5',
39 silly addNameRange     '2.3.6',
39 silly addNameRange     '2.3.7',
39 silly addNameRange     '2.3.8',
39 silly addNameRange     '2.4.0',
39 silly addNameRange     '2.5.0',
39 silly addNameRange     '2.6.0',
39 silly addNameRange     '2.6.1',
39 silly addNameRange     '3.2.0',
39 silly addNameRange     '3.2.1',
39 silly addNameRange     '3.2.2',
39 silly addNameRange     '3.2.3',
39 silly addNameRange     '3.2.4',
39 silly addNameRange     '3.2.5',
39 silly addNameRange     '3.2.6',
39 silly addNameRange     '3.2.7',
39 silly addNameRange     '3.2.8',
39 silly addNameRange     '3.3.0',
39 silly addNameRange     '3.3.1',
39 silly addNameRange     '3.3.2',
39 silly addNameRange     '4.0.0',
39 silly addNameRange     '4.0.1',
39 silly addNameRange     '4.0.2',
39 silly addNameRange     '4.0.3',
39 silly addNameRange     '4.1.0',
39 silly addNameRange     '4.1.1',
39 silly addNameRange     '5.0.0',
39 silly addNameRange     '5.0.1',
39 silly addNameRange     '5.0.2',
39 silly addNameRange     '5.0.3',
39 silly addNameRange     '5.0.4',
39 silly addNameRange     '5.0.5',
39 silly addNameRange     '5.1.0',
39 silly addNameRange     '5.1.1',
39 silly addNameRange     '5.1.2',
39 silly addNameRange     '5.2.0',
39 silly addNameRange     '5.2.1',
39 silly addNameRange     '5.2.2',
39 silly addNameRange     '5.2.3',
39 silly addNameRange     '5.2.4',
39 silly addNameRange     '5.2.5',
39 silly addNameRange     '6.0.0',
39 silly addNameRange     '6.0.2',
39 silly addNameRange     '6.0.3',
39 silly addNameRange     '6.0.4',
39 silly addNameRange     '6.0.5',
39 silly addNameRange     '6.0.6',
39 silly addNameRange     '6.0.7',
39 silly addNameRange     '6.0.8',
39 silly addNameRange     '6.0.9',
39 silly addNameRange     '6.0.10',
39 silly addNameRange     '6.0.11',
39 silly addNameRange     '6.0.12',
39 silly addNameRange     '6.0.13',
39 silly addNameRange     '6.0.14',
39 silly addNameRange     '6.1.0',
39 silly addNameRange     '6.1.2',
39 silly addNameRange     '6.1.3',
39 silly addNameRange     '6.2.0',
39 silly addNameRange     '6.3.0',
39 silly addNameRange     '6.3.1',
39 silly addNameRange     '6.3.2',
39 silly addNameRange     '6.3.3',
39 silly addNameRange     '6.4.0',
39 silly addNameRange     '6.4.1',
39 silly addNameRange     '6.4.2',
39 silly addNameRange     '6.5.0-dev',
39 silly addNameRange     '6.5.1-dev',
39 silly addNameRange     '6.5.2-dev',
39 silly addNameRange     '6.5.3-dev',
39 silly addNameRange     '6.5.4',
39 silly addNameRange     '6.5.5',
39 silly addNameRange     '6.5.6',
39 silly addNameRange     '6.5.7',
39 silly addNameRange     '6.6.1',
39 silly addNameRange     '6.6.2',
39 silly addNameRange     '6.6.3',
39 silly addNameRange     '6.6.4',
39 silly addNameRange     '6.6.5',
39 silly addNameRange     '6.6.6',
39 silly addNameRange     '6.6.7',
39 silly addNameRange     '6.6.8',
39 silly addNameRange     '6.7.0',
39 silly addNameRange     '6.7.1',
39 silly addNameRange     '6.7.2',
39 silly addNameRange     '6.7.3',
39 silly addNameRange     '6.7.4',
39 silly addNameRange     '6.8.0',
39 silly addNameRange     '6.8.1',
39 silly addNameRange     '6.8.2',
39 silly addNameRange     '6.8.3',
39 silly addNameRange     '6.8.4',
39 silly addNameRange     '6.9.0',
39 silly addNameRange     '6.9.1',
39 silly addNameRange     '6.9.2',
39 silly addNameRange     '6.10.0',
39 silly addNameRange     '6.11.0',
39 silly addNameRange     '6.11.1',
39 silly addNameRange     '6.12.0',
39 silly addNameRange     '6.12.1',
39 silly addNameRange     '6.13.0',
39 silly addNameRange     '6.13.1',
39 silly addNameRange     '6.13.2',
39 silly addNameRange     '6.13.3',
39 silly addNameRange     '6.13.4',
39 silly addNameRange     '6.14.0',
39 silly addNameRange     '6.15.0',
39 silly addNameRange     '6.16.0',
39 silly addNameRange     '6.17.0',
39 silly addNameRange     '6.17.1',
39 silly addNameRange     '6.17.2',
39 silly addNameRange     '6.17.3',
39 silly addNameRange     '6.18.0',
39 silly addNameRange     '6.19.0',
39 silly addNameRange     '6.20.0',
39 silly addNameRange     '6.20.1',
39 silly addNameRange     '6.21.0',
39 silly addNameRange     '6.21.1',
39 silly addNameRange     '6.21.2',
39 silly addNameRange     '6.21.3',
39 silly addNameRange     '6.21.4',
39 silly addNameRange     '6.21.5',
39 silly addNameRange     '6.21.6',
39 silly addNameRange     '6.21.7',
39 silly addNameRange     '6.21.8',
39 silly addNameRange     '6.21.9',
39 silly addNameRange     '6.21.10',
39 silly addNameRange     '6.22.0',
39 silly addNameRange     '6.23.0',
39 silly addNameRange     '6.24.0',
39 silly addNameRange     '6.24.1',
39 silly addNameRange     '6.24.2',
39 silly addNameRange     '6.25.0',
39 silly addNameRange     '6.26.0',
39 silly addNameRange     '6.26.1',
39 silly addNameRange     '6.26.2',
39 silly addNameRange     '6.27.0',
39 silly addNameRange     '6.28.0',
39 silly addNameRange     '6.29.0',
39 silly addNameRange     '6.30.0',
39 silly addNameRange     '6.30.1',
39 silly addNameRange     '6.30.2',
39 silly addNameRange     '6.30.3',
39 silly addNameRange     '6.30.4',
39 silly addNameRange     '6.30.5',
39 silly addNameRange     '6.31.0',
39 silly addNameRange     '6.31.1',
39 silly addNameRange     '6.31.2',
39 silly addNameRange     '6.31.3',
39 silly addNameRange     '6.31.4',
39 silly addNameRange     '6.31.5',
39 silly addNameRange     '6.31.6',
39 silly addNameRange     '6.32.0',
39 silly addNameRange     '6.33.0',
39 silly addNameRange     '6.34.0',
39 silly addNameRange     '6.34.1',
39 silly addNameRange     '6.34.2',
39 silly addNameRange     '6.35.0',
39 silly addNameRange     '6.36.0',
39 silly addNameRange     '6.36.1',
39 silly addNameRange     '6.36.2',
39 silly addNameRange     '6.37.0',
39 silly addNameRange     '6.37.1',
39 silly addNameRange     '6.38.0',
39 silly addNameRange     '6.38.1',
39 silly addNameRange     '6.39.0',
39 silly addNameRange     '6.40.0',
39 silly addNameRange     '6.41.0',
39 silly addNameRange     '6.42.0',
39 silly addNameRange     '6.42.1',
39 silly addNameRange     '6.42.2',
39 silly addNameRange     '6.42.3',
39 silly addNameRange     '6.43.0',
39 silly addNameRange     '6.43.1',
39 silly addNameRange     '6.43.2',
39 silly addNameRange     '6.44.0',
39 silly addNameRange     '6.45.0',
39 silly addNameRange     '6.45.1',
39 silly addNameRange     '6.46.0',
39 silly addNameRange     '6.46.1',
39 silly addNameRange     '6.46.2',
39 silly addNameRange     '6.46.3',
39 silly addNameRange     '6.46.4',
39 silly addNameRange     '6.46.5',
39 silly addNameRange     '6.47.0',
39 silly addNameRange     '6.48.0',
39 silly addNameRange     '6.48.1',
39 silly addNameRange     '6.49.0',
39 silly addNameRange     '6.49.1',
39 silly addNameRange     '6.49.2',
39 silly addNameRange     '6.50.0',
39 silly addNameRange     '6.50.1',
39 silly addNameRange     '6.51.0',
39 silly addNameRange     '6.51.1',
39 silly addNameRange     '6.51.2',
39 silly addNameRange     '6.51.3',
39 silly addNameRange     '6.51.4',
39 silly addNameRange     '6.51.5',
39 silly addNameRange     '6.51.6',
39 silly addNameRange     '6.52.0',
39 silly addNameRange     '6.52.1',
39 silly addNameRange     '6.52.2',
39 silly addNameRange     '6.53.0',
39 silly addNameRange     '6.53.1',
39 silly addNameRange     '6.53.2',
39 silly addNameRange     '6.53.3',
39 silly addNameRange     '6.53.4',
39 silly addNameRange     '6.54.0',
39 silly addNameRange     '6.54.1',
39 silly addNameRange     '6.54.2',
39 silly addNameRange     '6.54.3',
39 silly addNameRange     '6.54.4',
39 silly addNameRange     '6.54.5',
39 silly addNameRange     '6.54.6',
39 silly addNameRange     '6.54.7',
39 silly addNameRange     '6.54.8',
39 silly addNameRange     '6.54.9',
39 silly addNameRange     '6.54.10',
39 silly addNameRange     '6.55.0',
39 silly addNameRange     '6.55.1',
39 silly addNameRange     '6.55.2',
39 silly addNameRange     '6.55.3',
39 silly addNameRange     '6.55.4',
39 silly addNameRange     '6.55.5',
39 silly addNameRange     '6.55.8',
39 silly addNameRange     '6.55.9',
39 silly addNameRange     '6.56.0',
39 silly addNameRange     '6.57.0',
39 silly addNameRange     '6.57.1',
39 silly addNameRange     '6.57.2',
39 silly addNameRange     '6.57.3',
39 silly addNameRange     '6.58.0',
39 silly addNameRange     '6.58.1',
39 silly addNameRange     '6.58.2',
39 silly addNameRange     '6.59.0',
39 silly addNameRange     '6.59.1',
39 silly addNameRange     '6.59.2',
39 silly addNameRange     '6.59.3',
39 silly addNameRange     '6.59.4',
39 silly addNameRange     '6.59.5',
39 silly addNameRange     '6.59.6',
39 silly addNameRange     '6.60.0',
39 silly addNameRange     '6.60.1',
39 silly addNameRange     '6.60.2',
39 silly addNameRange     '6.60.3',
39 silly addNameRange     '6.60.4',
39 silly addNameRange     '6.61.0',
39 silly addNameRange     '6.62.0',
39 silly addNameRange     '6.63.0' ] ]
40 verbose addNamed [ 'docpad', '6.60.4' ]
41 verbose addNamed [ '6.60.4', '6.60.4' ]
42 silly lockFile 8069fcc9-docpad-6-60-4 docpad@6.60.4
43 verbose lock docpad@6.60.4 C:\Users\Mikeumus\AppData\Roaming\npm-cache\8069fcc9-docpad-6-60-4.lock
44 silly lockFile c5616a2e-mjs-org-docpad-docpad-6-60-4-tgz https://registry.npmjs.org/docpad/-/docpad-6.60.4.tgz
45 verbose lock https://registry.npmjs.org/docpad/-/docpad-6.60.4.tgz C:\Users\Mikeumus\AppData\Roaming\npm-cache\c5616a2e-mjs-org-docpad-docpad-6-60-4-tgz.lock
46 verbose addRemoteTarball [ 'https://registry.npmjs.org/docpad/-/docpad-6.60.4.tgz',
46 verbose addRemoteTarball   '10c9634e3f5bf94c2d1ffbd0b5f1b76bfb82790f' ]
47 info retry fetch attempt 1 at 12:59:39
48 verbose fetch to= C:\Users\Mikeumus\AppData\Local\Temp\npm-4512-AavkvX4b\1391018379104-0.11653863964602351\tmp.tgz
49 http GET https://registry.npmjs.org/docpad/-/docpad-6.60.4.tgz
50 http 200 https://registry.npmjs.org/docpad/-/docpad-6.60.4.tgz
51 verbose tar unpack C:\Users\Mikeumus\AppData\Local\Temp\npm-4512-AavkvX4b\1391018379104-0.11653863964602351\tmp.tgz
52 silly lockFile eea5f3e7-9104-0-11653863964602351-package tar://C:\Users\Mikeumus\AppData\Local\Temp\npm-4512-AavkvX4b\1391018379104-0.11653863964602351\package
53 verbose lock tar://C:\Users\Mikeumus\AppData\Local\Temp\npm-4512-AavkvX4b\1391018379104-0.11653863964602351\package C:\Users\Mikeumus\AppData\Roaming\npm-cache\eea5f3e7-9104-0-11653863964602351-package.lock
54 silly lockFile e5f78257-9104-0-11653863964602351-tmp-tgz tar://C:\Users\Mikeumus\AppData\Local\Temp\npm-4512-AavkvX4b\1391018379104-0.11653863964602351\tmp.tgz
55 verbose lock tar://C:\Users\Mikeumus\AppData\Local\Temp\npm-4512-AavkvX4b\1391018379104-0.11653863964602351\tmp.tgz C:\Users\Mikeumus\AppData\Roaming\npm-cache\e5f78257-9104-0-11653863964602351-tmp-tgz.lock
56 silly gunzTarPerm modes [ '755', '644' ]
57 silly gunzTarPerm extractEntry package.json
58 silly gunzTarPerm extractEntry .npmignore
59 silly gunzTarPerm extractEntry README.md
60 silly gunzTarPerm extractEntry LICENSE.md
61 silly gunzTarPerm extractEntry bin/docpad
62 silly gunzTarPerm extractEntry bin/docpad-compile
63 silly gunzTarPerm extractEntry bin/docpad-debug
64 silly gunzTarPerm extractEntry bin/docpad-server
65 silly gunzTarPerm extractEntry bin/docpad-trace
66 silly gunzTarPerm extractEntry locale/en.cson
67 silly gunzTarPerm extractEntry out/main.js
68 silly gunzTarPerm extractEntry out/bin/docpad-compile.js
69 silly gunzTarPerm extractEntry out/bin/docpad-server.js
70 silly gunzTarPerm extractEntry out/bin/docpad.js
71 silly gunzTarPerm extractEntry out/lib/base.js
72 silly gunzTarPerm extractEntry out/lib/docpad.js
73 silly gunzTarPerm extractEntry out/lib/plugin-loader.js
74 silly gunzTarPerm extractEntry out/lib/plugin.js
75 silly gunzTarPerm extractEntry out/lib/testers.js
76 silly gunzTarPerm extractEntry out/lib/util.js
77 silly gunzTarPerm extractEntry out/lib/collections/elements.js
78 silly gunzTarPerm extractEntry out/lib/collections/files.js
79 silly gunzTarPerm extractEntry out/lib/collections/meta.js
80 silly gunzTarPerm extractEntry out/lib/collections/scripts.js
81 silly gunzTarPerm extractEntry out/lib/collections/styles.js
82 silly gunzTarPerm extractEntry out/lib/interfaces/console.js
83 silly gunzTarPerm extractEntry out/lib/models/document.js
84 silly gunzTarPerm extractEntry out/lib/models/file.js
85 silly lockFile eea5f3e7-9104-0-11653863964602351-package tar://C:\Users\Mikeumus\AppData\Local\Temp\npm-4512-AavkvX4b\1391018379104-0.11653863964602351\package
86 silly lockFile eea5f3e7-9104-0-11653863964602351-package tar://C:\Users\Mikeumus\AppData\Local\Temp\npm-4512-AavkvX4b\1391018379104-0.11653863964602351\package
87 silly lockFile e5f78257-9104-0-11653863964602351-tmp-tgz tar://C:\Users\Mikeumus\AppData\Local\Temp\npm-4512-AavkvX4b\1391018379104-0.11653863964602351\tmp.tgz
88 silly lockFile e5f78257-9104-0-11653863964602351-tmp-tgz tar://C:\Users\Mikeumus\AppData\Local\Temp\npm-4512-AavkvX4b\1391018379104-0.11653863964602351\tmp.tgz
89 verbose tar pack [ 'C:\\Users\\Mikeumus\\AppData\\Roaming\\npm-cache\\docpad\\6.60.4\\package.tgz',
89 verbose tar pack   'C:\\Users\\Mikeumus\\AppData\\Local\\Temp\\npm-4512-AavkvX4b\\1391018379104-0.11653863964602351\\package' ]
90 verbose tarball C:\Users\Mikeumus\AppData\Roaming\npm-cache\docpad\6.60.4\package.tgz
91 verbose folder C:\Users\Mikeumus\AppData\Local\Temp\npm-4512-AavkvX4b\1391018379104-0.11653863964602351\package
92 silly lockFile eea5f3e7-9104-0-11653863964602351-package tar://C:\Users\Mikeumus\AppData\Local\Temp\npm-4512-AavkvX4b\1391018379104-0.11653863964602351\package
93 verbose lock tar://C:\Users\Mikeumus\AppData\Local\Temp\npm-4512-AavkvX4b\1391018379104-0.11653863964602351\package C:\Users\Mikeumus\AppData\Roaming\npm-cache\eea5f3e7-9104-0-11653863964602351-package.lock
94 silly lockFile 251154c3--cache-docpad-6-60-4-package-tgz tar://C:\Users\Mikeumus\AppData\Roaming\npm-cache\docpad\6.60.4\package.tgz
95 verbose lock tar://C:\Users\Mikeumus\AppData\Roaming\npm-cache\docpad\6.60.4\package.tgz C:\Users\Mikeumus\AppData\Roaming\npm-cache\251154c3--cache-docpad-6-60-4-package-tgz.lock
96 silly lockFile eea5f3e7-9104-0-11653863964602351-package tar://C:\Users\Mikeumus\AppData\Local\Temp\npm-4512-AavkvX4b\1391018379104-0.11653863964602351\package
97 silly lockFile eea5f3e7-9104-0-11653863964602351-package tar://C:\Users\Mikeumus\AppData\Local\Temp\npm-4512-AavkvX4b\1391018379104-0.11653863964602351\package
98 silly lockFile 251154c3--cache-docpad-6-60-4-package-tgz tar://C:\Users\Mikeumus\AppData\Roaming\npm-cache\docpad\6.60.4\package.tgz
99 silly lockFile 251154c3--cache-docpad-6-60-4-package-tgz tar://C:\Users\Mikeumus\AppData\Roaming\npm-cache\docpad\6.60.4\package.tgz
100 silly lockFile 5ae82d3e--npm-cache-docpad-6-60-4-package C:\Users\Mikeumus\AppData\Roaming\npm-cache\docpad\6.60.4\package
101 verbose lock C:\Users\Mikeumus\AppData\Roaming\npm-cache\docpad\6.60.4\package C:\Users\Mikeumus\AppData\Roaming\npm-cache\5ae82d3e--npm-cache-docpad-6-60-4-package.lock
102 silly lockFile 5ae82d3e--npm-cache-docpad-6-60-4-package C:\Users\Mikeumus\AppData\Roaming\npm-cache\docpad\6.60.4\package
103 silly lockFile 5ae82d3e--npm-cache-docpad-6-60-4-package C:\Users\Mikeumus\AppData\Roaming\npm-cache\docpad\6.60.4\package
104 verbose tar unpack C:\Users\Mikeumus\AppData\Roaming\npm-cache\docpad\6.60.4\package.tgz
105 silly lockFile 72a89d34--npm-cache-docpad-6-60-4-package tar://C:\Users\Mikeumus\AppData\Roaming\npm-cache\docpad\6.60.4\package
106 verbose lock tar://C:\Users\Mikeumus\AppData\Roaming\npm-cache\docpad\6.60.4\package C:\Users\Mikeumus\AppData\Roaming\npm-cache\72a89d34--npm-cache-docpad-6-60-4-package.lock
107 silly lockFile 251154c3--cache-docpad-6-60-4-package-tgz tar://C:\Users\Mikeumus\AppData\Roaming\npm-cache\docpad\6.60.4\package.tgz
108 verbose lock tar://C:\Users\Mikeumus\AppData\Roaming\npm-cache\docpad\6.60.4\package.tgz C:\Users\Mikeumus\AppData\Roaming\npm-cache\251154c3--cache-docpad-6-60-4-package-tgz.lock
109 silly gunzTarPerm modes [ '755', '644' ]
110 silly gunzTarPerm extractEntry package.json
111 silly gunzTarPerm modified mode [ 'package.json', 438, 420 ]
112 silly gunzTarPerm extractEntry .npmignore
113 silly gunzTarPerm modified mode [ '.npmignore', 438, 420 ]
114 silly gunzTarPerm extractEntry README.md
115 silly gunzTarPerm modified mode [ 'README.md', 438, 420 ]
116 silly gunzTarPerm extractEntry bin/docpad
117 silly gunzTarPerm modified mode [ 'bin/docpad', 438, 420 ]
118 silly gunzTarPerm extractEntry bin/docpad-compile
119 silly gunzTarPerm modified mode [ 'bin/docpad-compile', 438, 420 ]
120 silly gunzTarPerm extractEntry bin/docpad-debug
121 silly gunzTarPerm modified mode [ 'bin/docpad-debug', 438, 420 ]
122 silly gunzTarPerm extractEntry bin/docpad-server
123 silly gunzTarPerm modified mode [ 'bin/docpad-server', 438, 420 ]
124 silly gunzTarPerm extractEntry bin/docpad-trace
125 silly gunzTarPerm modified mode [ 'bin/docpad-trace', 438, 420 ]
126 silly gunzTarPerm extractEntry LICENSE.md
127 silly gunzTarPerm modified mode [ 'LICENSE.md', 438, 420 ]
128 silly gunzTarPerm extractEntry locale/en.cson
129 silly gunzTarPerm modified mode [ 'locale/en.cson', 438, 420 ]
130 silly gunzTarPerm extractEntry out/main.js
131 silly gunzTarPerm modified mode [ 'out/main.js', 438, 420 ]
132 silly gunzTarPerm extractEntry out/bin/docpad-compile.js
133 silly gunzTarPerm modified mode [ 'out/bin/docpad-compile.js', 438, 420 ]
134 silly gunzTarPerm extractEntry out/bin/docpad-server.js
135 silly gunzTarPerm modified mode [ 'out/bin/docpad-server.js', 438, 420 ]
136 silly gunzTarPerm extractEntry out/bin/docpad.js
137 silly gunzTarPerm modified mode [ 'out/bin/docpad.js', 438, 420 ]
138 silly gunzTarPerm extractEntry out/lib/base.js
139 silly gunzTarPerm modified mode [ 'out/lib/base.js', 438, 420 ]
140 silly gunzTarPerm extractEntry out/lib/docpad.js
141 silly gunzTarPerm modified mode [ 'out/lib/docpad.js', 438, 420 ]
142 silly gunzTarPerm extractEntry out/lib/plugin-loader.js
143 silly gunzTarPerm modified mode [ 'out/lib/plugin-loader.js', 438, 420 ]
144 silly gunzTarPerm extractEntry out/lib/plugin.js
145 silly gunzTarPerm modified mode [ 'out/lib/plugin.js', 438, 420 ]
146 silly gunzTarPerm extractEntry out/lib/testers.js
147 silly gunzTarPerm modified mode [ 'out/lib/testers.js', 438, 420 ]
148 silly gunzTarPerm extractEntry out/lib/util.js
149 silly gunzTarPerm modified mode [ 'out/lib/util.js', 438, 420 ]
150 silly gunzTarPerm extractEntry out/lib/collections/elements.js
151 silly gunzTarPerm modified mode [ 'out/lib/collections/elements.js', 438, 420 ]
152 silly gunzTarPerm extractEntry out/lib/collections/files.js
153 silly gunzTarPerm modified mode [ 'out/lib/collections/files.js', 438, 420 ]
154 silly gunzTarPerm extractEntry out/lib/collections/meta.js
155 silly gunzTarPerm modified mode [ 'out/lib/collections/meta.js', 438, 420 ]
156 silly gunzTarPerm extractEntry out/lib/collections/scripts.js
157 silly gunzTarPerm modified mode [ 'out/lib/collections/scripts.js', 438, 420 ]
158 silly gunzTarPerm extractEntry out/lib/collections/styles.js
159 silly gunzTarPerm modified mode [ 'out/lib/collections/styles.js', 438, 420 ]
160 silly gunzTarPerm extractEntry out/lib/interfaces/console.js
161 silly gunzTarPerm modified mode [ 'out/lib/interfaces/console.js', 438, 420 ]
162 silly gunzTarPerm extractEntry out/lib/models/document.js
163 silly gunzTarPerm modified mode [ 'out/lib/models/document.js', 438, 420 ]
164 silly gunzTarPerm extractEntry out/lib/models/file.js
165 silly gunzTarPerm modified mode [ 'out/lib/models/file.js', 438, 420 ]
166 silly lockFile 72a89d34--npm-cache-docpad-6-60-4-package tar://C:\Users\Mikeumus\AppData\Roaming\npm-cache\docpad\6.60.4\package
167 silly lockFile 72a89d34--npm-cache-docpad-6-60-4-package tar://C:\Users\Mikeumus\AppData\Roaming\npm-cache\docpad\6.60.4\package
168 silly lockFile 251154c3--cache-docpad-6-60-4-package-tgz tar://C:\Users\Mikeumus\AppData\Roaming\npm-cache\docpad\6.60.4\package.tgz
169 silly lockFile 251154c3--cache-docpad-6-60-4-package-tgz tar://C:\Users\Mikeumus\AppData\Roaming\npm-cache\docpad\6.60.4\package.tgz
170 verbose chmod C:\Users\Mikeumus\AppData\Roaming\npm-cache\docpad\6.60.4\package.tgz 644
171 silly chown skipping for windows C:\Users\Mikeumus\AppData\Roaming\npm-cache\docpad\6.60.4\package.tgz
172 silly lockFile c5616a2e-mjs-org-docpad-docpad-6-60-4-tgz https://registry.npmjs.org/docpad/-/docpad-6.60.4.tgz
173 silly lockFile c5616a2e-mjs-org-docpad-docpad-6-60-4-tgz https://registry.npmjs.org/docpad/-/docpad-6.60.4.tgz
174 silly lockFile 8069fcc9-docpad-6-60-4 docpad@6.60.4
175 silly lockFile 8069fcc9-docpad-6-60-4 docpad@6.60.4
176 silly lockFile 740fd8c8-docpad-6-60-3 docpad@~6.60.3
177 silly lockFile 740fd8c8-docpad-6-60-3 docpad@~6.60.3
178 silly resolved [ { title: 'DocPad. Streamlined web development.',
178 silly resolved     name: 'docpad',
178 silly resolved     version: '6.60.4',
178 silly resolved     description: 'DocPad is a next generation web architecture that lets you create fast static websites with dynamic abilities and powerful abstractions. Write your website as files on your computer, entries in a database, or even RSS feeds and DocPad will import it, generate & render it, then output a static website for deployment anywhere or a dynamic node website for advanced server-side functionality. Use it as a module or standalone. It\'s purely awesome. Check it out.',
178 silly resolved     homepage: 'http://docpad.org',
178 silly resolved     installUrl: 'http://docpad.org/install',
178 silly resolved     upgradeUrl: 'http://docpad.org/upgrade',
178 silly resolved     license: { type: 'MIT', url: 'http://docpad.org/license' },
178 silly resolved     badges:
178 silly resolved      { travis: true,
178 silly resolved        npm: true,
178 silly resolved        david: true,
178 silly resolved        daviddev: true,
178 silly resolved        gittip: 'docpad',
178 silly resolved        flattr: '344188/balupton-on-Flattr',
178 silly resolved        paypal: 'QB8GQPZAH84N6' },
178 silly resolved     keywords:
178 silly resolved      [ 'document management system',
178 silly resolved        'dms',
178 silly resolved        'content management system',
178 silly resolved        'cms',
178 silly resolved        'static site generator',
178 silly resolved        'generator',
178 silly resolved        'static file server',
178 silly resolved        'server',
178 silly resolved        'web',
178 silly resolved        'web framework',
178 silly resolved        'framework',
178 silly resolved        'web development',
178 silly resolved        'development',
178 silly resolved        'dev',
178 silly resolved        'build and deployment',
178 silly resolved        'builder',
178 silly resolved        'build',
178 silly resolved        'compiler',
178 silly resolved        'compile',
178 silly resolved        'parser',
178 silly resolved        'parse',
178 silly resolved        'renderer',
178 silly resolved        'render',
178 silly resolved        'templating',
178 silly resolved        'templates',
178 silly resolved        'language agnostic',
178 silly resolved        'website',
178 silly resolved        'blog',
178 silly resolved        'cli',
178 silly resolved        'tool',
178 silly resolved        'utility',
178 silly resolved        'scaffold' ],
178 silly resolved     author:
178 silly resolved      { name: '2012+ Bevry Pty Ltd',
178 silly resolved        email: 'us@bevry.me',
178 silly resolved        url: 'http://bevry.me' },
178 silly resolved     sponsors:
178 silly resolved      [ 'Myplanet Digital <hello@myplanetdigital.com> (http://www.myplanetdigital.com)',
178 silly resolved        'Meeho! <info@meeho.net> (http://www.meeho.net)' ],
178 silly resolved     maintainers: [ [Object] ],
178 silly resolved     contributors:
178 silly resolved      [ [Object],
178 silly resolved        [Object],
178 silly resolved        [Object],
178 silly resolved        [Object],
178 silly resolved        [Object],
178 silly resolved        [Object],
178 silly resolved        [Object],
178 silly resolved        [Object],
178 silly resolved        [Object],
178 silly resolved        [Object],
178 silly resolved        [Object],
178 silly resolved        [Object],
178 silly resolved        [Object],
178 silly resolved        [Object],
178 silly resolved        [Object],
178 silly resolved        [Object],
178 silly resolved        [Object],
178 silly resolved        [Object],
178 silly resolved        [Object],
178 silly resolved        [Object],
178 silly resolved        [Object],
178 silly resolved        [Object],
178 silly resolved        [Object],
178 silly resolved        [Object],
178 silly resolved        [Object],
178 silly resolved        [Object],
178 silly resolved        [Object],
178 silly resolved        [Object],
178 silly resolved        [Object],
178 silly resolved        [Object],
178 silly resolved        [Object],
178 silly resolved        [Object],
178 silly resolved        [Object] ],
178 silly resolved     bugs: { url: 'https://github.com/bevry/docpad/issues' },
178 silly resolved     repository: { type: 'git', url: 'http://github.com/bevry/docpad.git' },
178 silly resolved     engines: { node: '>=0.8', npm: '>=1.2' },
178 silly resolved     dependencies:
178 silly resolved      { ambi: '~2.1.6',
178 silly resolved        backbone: '1.1.0',
178 silly resolved        'bal-util': '~2.4.0',
178 silly resolved        caterpillar: '~2.0.7',
178 silly resolved        'caterpillar-filter': '~2.0.3',
178 silly resolved        'caterpillar-human': '~2.1.1',
178 silly resolved        commander: '~2.1.0',
178 silly resolved        cson: '~1.4.5',
178 silly resolved        eachr: '~2.0.2',
178 silly resolved        envfile: '~1.0.0',
178 silly resolved        'event-emitter-grouped': '~2.3.1',
178 silly resolved        express: '~3.4.4',
178 silly resolved        extendr: '~2.1.0',
178 silly resolved        'extract-opts': '~2.2.0',
178 silly resolved        getmac: '~1.0.6',
178 silly resolved        ignorefs: '~1.0.0',
178 silly resolved        jschardet: '~1.1.0',
178 silly resolved        encoding: '~0.1.6',
178 silly resolved        'lazy-require': '~1.0.0',
178 silly resolved        lodash: '~2.4.1',
178 silly resolved        mime: '~1.2.9',
178 silly resolved        progressbar: '~1.0.3',
178 silly resolved        'query-engine': '~1.5.5',
178 silly resolved        safefs: '~3.1.0',
178 silly resolved        safeps: '~2.2.10',
178 silly resolved        semver: '~2.2.1',
178 silly resolved        superagent: '~0.16.0',
178 silly resolved        taskgroup: '~3.3.6',
178 silly resolved        typechecker: '~2.0.8',
178 silly resolved        watchr: '~2.4.7',
178 silly resolved        yamljs: '~0.1.4',
178 silly resolved        promptly: '~0.2.0',
178 silly resolved        istextorbinary: '~1.0.0',
178 silly resolved        extendonclass: '~1.0.0' },
178 silly resolved     devDependencies:
178 silly resolved      { 'coffee-script': '~1.6.2',
178 silly resolved        chai: '~1.8.1',
178 silly resolved        joe: '~1.3.2',
178 silly resolved        'joe-reporter-console': '~1.2.1',
178 silly resolved        projectz: '~0.3.0' },
178 silly resolved     directories: { lib: './out/lib' },
178 silly resolved     bin:
178 silly resolved      { docpad: './bin/docpad',
178 silly resolved        'docpad-compile': './bin/docpad-compile',
178 silly resolved        'docpad-debug': './bin/docpad-debug',
178 silly resolved        'docpad-server': './bin/docpad-server',
178 silly resolved        'docpad-trace': './bin/docpad-trace' },
178 silly resolved     scripts: { test: 'node ./out/test/everything-test.js' },
178 silly resolved     main: './out/main.js',
178 silly resolved     readme: '[![DocPad Logo](http://d.pr/i/cfmt+)](http://docpad.org "Visit the DocPad Website")\n\n<!-- TITLE/ -->\n\n# DocPad. Streamlined web development.\n\n<!-- /TITLE -->\n\n\n<!-- BADGES/ -->\n\n[![Build Status](http://img.shields.io/travis-ci/bevry/docpad.png?branch=master)](http://travis-ci.org/bevry/docpad "Check this project\'s build status on TravisCI")\n[![NPM version](http://badge.fury.io/js/docpad.png)](https://npmjs.org/package/docpad "View this project on NPM")\n[![Dependency Status](https://david-dm.org/bevry/docpad.png?theme=shields.io)](https://david-dm.org/bevry/docpad)\n[![Development Dependency Status](https://david-dm.org/bevry/docpad/dev-status.png?theme=shields.io)](https://david-dm.org/bevry/docpad#info=devDependencies)<br/>\n[![Gittip donate button](http://img.shields.io/gittip/docpad.png)](https://www.gittip.com/docpad/ "Donate weekly to this project using Gittip")\n[![Flattr donate button](http://img.shields.io/flattr/donate.png?color=yellow)](http://flattr.com/thing/344188/balupton-on-Flattr "Donate monthly to this project using Flattr")\n[![PayPayl donate button](http://img.shields.io/paypal/donate.png?color=yellow)](https://www.paypal.com/cgi-bin/webscr?cmd=_s-xclick&hosted_button_id=QB8GQPZAH84N6 "Donate once-off to this project using Paypal")\n\n<!-- /BADGES -->\n\n\nHi! I\'m DocPad, I streamline the web development process and help close the gap between experts and beginners. I\'ve been used in production by big and small companies for over a year and a half now to create [plenty of amazing and powerful web sites and applications](http://docpad.org/docs/showcase) quicker than ever before. What makes me different is instead of being a box to cram yourself into and hold you back, I\'m a freeway to what you want to accomplish, just getting out of your way and allowing you to create stuff quicker than ever before without limits. Leave the redudant stuff up to me, so you can focus on the awesome stuff.\n\nDiscover my features below, or skip ahead to the installation instructions to get started with a [fully functional pre-made website](http://docpad.org/docs/skeletons) in a few minutes from reading this.\n\n**[Watch the Screencast!](http://www.youtube.com/watch?v=hvQCXDWh7Wg&feature=share&list=PLYVl5EnzwqsQs0tBLO6ug6WbqAbrpVbNf)**\n\n\n## Features\n\n### Out of the box\n\n- Competely file based meaning there is no pesky databases that need to be installed, and for version control you get to use systems like Git and SVN which you\'re already use to (You can still hook in remote data sources if you want, DocPad doesn\'t impose any limits on you, ever)\n- Choose from plenty of community maintained [pre-made websites](http://docpad.org/docs/skeletons) to use for your next project instead of starting from scratch everytime\n- Write your documents in any language, markup, templating engine, or pre-processor you wish (we\'re truly agnostic thanks to your plugin system). You can even mix and match them when needed by combining their extensions in a rails like fashion (e.g. `coffee-with-some-eco.js.coffee.eco`)\n- Changes to your website are automatically recompiled through our built in watch system\n- Add meta data to the top of your files to be used by templating engines to display non-standard information such as titles and descriptions for your documents\n- Display custom listings of content with our powerful [Query Engine](https://github.com/bevry/query-engine/) available to your templating engines\n- Abstract out generic headers and footers into layouts using our nested layout system\n- For simple static websites easily deploy your generated website to any web server like apache or github pages. For dynamic projects deploy them to servers like [heroku](http://www.heroku.com/) or [nodejitsu](http://nodejitsu.com/) to take advantage of custom routing with [express.js](http://expressjs.com/). [Deploy guide here](http://docpad.org/docs/deploy)\n- Built-in server to save you from having to startup your own, for dynamic deployments this even supports things like clean urls, custom routes and server-side logic\n- Robust architecture and powerful plugin system means that you are never boxed in unlike traditional CMS systems, instead you can always [extend DocPad](http://docpad.org/docs/extend) to do whatever you need it to do, and you can even write to bundle common custom functionality and distribute them through the amazing node package manager [npm](http://npmjs.org/)\n- Built in support for dynamic documents (e.g. search pages, signup forms, etc.), so you can code pages that change on each request by just adding `dynamic: true` to your document\'s meta data (exposes the [express.js](http://expressjs.com/) `req` and `res` objects to your templating engine)\n- You can use it standalone, or even easily include it within your existing systems with our [API](http://docpad.org/docs/api)\n\n\n### With our amazing community maintained plugins\n\n- Use the [Live Reload](http://docpad.org/plugin/livereload/) plugin to automatically refresh your web browser whenever a change is made, this is amazing\n- Pull in remote RSS/Atom/JSON feeds into your templating engines allowing you to display your latest twitter updates or github projects easily and effortlessly using the [Feedr Plugin](http://docpad.org/plugin/feedr/)\n- Support for every templating engine and pre-processor under the sun, including  but not limited to CoffeeScript, CoffeeKup, ECO, HAML, Handlebars, Jade, Less, Markdown, PHP, Ruby, SASS and Stylus - [the full listing is here](http://docpad.org/docs/plugins)\n- Use the [Partials Plugin](http://docpad.org/plugin/partials) to abstract common pieces of code into their own individual file that can be included as much as you want\n- Syntax highlight code blocks automatically with either our [Highlight.js Plugin](http://docpad.org/plugin/highlightjs/) or [Pygments Plugin](http://docpad.org/plugin/pygments/)\n- Get SEO friendly clean URLs with our [Clean URLs Plugin](http://docpad.org/plugin/cleanurls/) (dynamic deployments only)\n- Lint your code automatically with our Ling Plugins: [jshint](https://github.com/jking90/docpad-plugin-jshint) and [coffeelint](https://github.com/jking90/docpad-plugin-coffeelint)\n- Concatenate and minify your JavaScript and CSS assets making page loads faster for your users with our Minify Plugins: [htmlmin](https://github.com/robloach/docpad-plugin-htmlmin) and [grunt](https://gist.github.com/balupton/3898915)\n- Install common javascript libraries like jQuery, Backbone and Underscore directly from the command line - under construction, coming soon\n- Automatically translate your entire website into other languages with our Translation Plugin - under construction, coming soon\n- Add a admin interface to your website allowing you to edit, save and preview your changes on live websites then push them back to your source repository with the [Admin Plugins](http://docpad.org/docs/plugins#admin-interfaces)\n- Pretty much if DocPad doesn\'t already do something, it is trivial to [write a plugin](http://docpad.org/docs/extend) to do it, seriously DocPad can accomplish anything, it never holds you back, there are no limits, it\'s like super powered guardian angel\n- There are also [plenty of other plugins](http://docpad.org/docs/plugins) not listed here that are still definitely worth checking out! :)\n\n\n## People love DocPad\n\nAll sorts of people love DocPad, from first time web developers to even industry leaders and experts. In fact, people even migrate to DocPad from other systems as they love it so much. Here are some our [favourite tweets](https://twitter.com/#!/DocPad/favorites) of what people are saying about DocPad :)\n\n[![Some favourite tweets about DocPad](https://github.com/bevry/designs/raw/master/docpad/favourites/docpad-favs.gif)](https://twitter.com/#!/DocPad/favorites)\n\n\n\n\n## Install\n\n[Click here for our latest Install Instructions.](http://docpad.org/docs/install)\n\n\n## Quick Start\n\n[Click here to skip ahead to our latest Quick Start Guide.](http://docpad.org/docs/start)\n\n\n## What next?\n\nHere are some quick links to help you get started:\n\n- [Getting Started](http://docpad.org/docs/intro)\n- [Frequently Asked Questions](http://docpad.org/docs/faq)\n- [Showcase and Examples](http://docpad.org/docs/showcase)\n- [Guides and Tutorials](http://docpad.org/docs/)\n- [Deployment Guide](http://docpad.org/docs/deploy)\n- [Extension Guide](http://docpad.org/docs/extend)\n- [Plugins](http://docpad.org/docs/plugins)\n- [Skeletons](http://docpad.org/docs/skeletons)\n- [Troubleshooting](http://docpad.org/docs/troubleshoot)\n- [Support Channels](http://docpad.org/support)\n- [Bug Tracker](http://docpad.org/issues)\n- [IRC Chat Room: `#docpad` on freenode](http://webchat.freenode.net?channels=docpad)\n- [Everything else](http://docpad.org/docs/)\n\n\n<!-- HISTORY/ -->\n\n## History\n[Discover the change history by heading on over to the `HISTORY.md` file.](https://github.com/bevry/docpad/blob/master/HISTORY.md#files)\n\n<!-- /HISTORY -->\n\n\n<!-- CONTRIBUTE/ -->\n\n## Contribute\n\n[Discover how you can contribute by heading on over to the `CONTRIBUTING.md` file.](https://github.com/bevry/docpad/blob/master/CONTRIBUTING.md#files)\n\n<!-- /CONTRIBUTE -->\n\n\n<!-- BACKERS/ -->\n\n## Backers\n\n### Maintainers\n\nThese amazing people are maintaining this project:\n\n- Benjamin Lupton <b@lupton.cc> (https://github.com/balupton)\n\n### Sponsors\n\nThese amazing people have contributed finances to this project:\n\n- Myplanet Digital <hello@myplanetdigital.com> (http://www.myplanetdigital.com)\n- Meeho! <info@meeho.net> (http://www.meeho.net)\n\nBecome a sponsor!\n\n[![Gittip donate button](http://img.shields.io/gittip/docpad.png)](https://www.gittip.com/docpad/ "Donate weekly to this project using Gittip")\n[![Flattr donate button](http://img.shields.io/flattr/donate.png?color=yellow)](http://flattr.com/thing/344188/balupton-on-Flattr "Donate monthly to this project using Flattr")\n[![PayPayl donate button](http://img.shields.io/paypal/donate.png?color=yellow)](https://www.paypal.com/cgi-bin/webscr?cmd=_s-xclick&hosted_button_id=QB8GQPZAH84N6 "Donate once-off to this project using Paypal")\n\n### Contributors\n\nThese amazing people have contributed code to this project:\n\n- [Aaron Powell](https://github.com/aaronpowell) <me@aaron-powell.com> — [view contributions](https://github.com/bevry/docpad/commits?author=aaronpowell)\n- [Adrian Olaru](https://github.com/adrianolaru) <agolaru@gmail.com> — [view contributions](https://github.com/bevry/docpad/commits?author=adrianolaru)\n- [Alex](https://github.com/amesarosh) — [view contributions](https://github.com/bevry/docpad/commits?author=amesarosh)\n- [Andrew Patton](https://github.com/acusti) <andrew@acusti.ca> — [view contributions](https://github.com/bevry/docpad/commits?author=acusti)\n- [Ashnur](https://github.com/ashnur) — [view contributions](https://github.com/bevry/docpad/commits?author=ashnur)\n- [Ben Barber](https://github.com/barberboy) — [view contributions](https://github.com/bevry/docpad/commits?author=barberboy)\n- [Benjamin Lupton](https://github.com/balupton) <b@lupton.cc> — [view contributions](https://github.com/bevry/docpad/commits?author=balupton)\n- [Bruno Héridet](https://github.com/Delapouite) — [view contributions](https://github.com/bevry/docpad/commits?author=Delapouite)\n- [Changwoo Park](https://github.com/pismute) <pismute@gmail.com> — [view contributions](https://github.com/bevry/docpad/commits?author=pismute)\n- [Chase Colman](https://github.com/chase) <chase@infinityatlas.com> — [view contributions](https://github.com/bevry/docpad/commits?author=chase)\n- [eldios](https://github.com/eldios) <lele@amicofigo.com> — [view contributions](https://github.com/bevry/docpad/commits?author=eldios)\n- [Ferrari Lee](https://github.com/Ferrari) <shiyung@gmail.com> — [view contributions](https://github.com/bevry/docpad/commits?author=Ferrari)\n- [Homme Zwaagstra](https://github.com/homme) <hrz@geodata.soton.ac.uk> — [view contributions](https://github.com/bevry/docpad/commits?author=homme)\n- [kalkin](https://github.com/kalkin) — [view contributions](https://github.com/bevry/docpad/commits?author=kalkin)\n- [Luke Hagan](https://github.com/lhagan) — [view contributions](https://github.com/bevry/docpad/commits?author=lhagan)\n- [Neil Taylor](https://github.com/neilbaylorrulez) <neil.t@myplanetdigital.com> — [view contributions](https://github.com/bevry/docpad/commits?author=neilbaylorrulez)\n- [nfriedly](https://github.com/nfriedly) — [view contributions](https://github.com/bevry/docpad/commits?author=nfriedly)\n- [Nick Crohn](https://github.com/ncrohn) <ncrohn@me.com> — [view contributions](https://github.com/bevry/docpad/commits?author=ncrohn)\n- [Olivier Bazoud](https://github.com/obazoud) — [view contributions](https://github.com/bevry/docpad/commits?author=obazoud)\n- [Paul Armstrong](https://github.com/paularmstrong) <paul@paularmstrongdesigns.com> — [view contributions](https://github.com/bevry/docpad/commits?author=paularmstrong)\n- [pflannery](https://github.com/pflannery) — [view contributions](https://github.com/bevry/docpad/commits?author=pflannery)\n- [radiodario](https://github.com/radiodario) — [view contributions](https://github.com/bevry/docpad/commits?author=radiodario)\n- [Richard A](https://github.com/rantecki) <richard@antecki.id.au> — [view contributions](https://github.com/bevry/docpad/commits?author=rantecki)\n- [ruemic](https://github.com/ruemic) — [view contributions](https://github.com/bevry/docpad/commits?author=ruemic)\n- [Sorin Ionescu](https://github.com/sorin-ionescu) <sorin.ionescu@gmail.com> — [view contributions](https://github.com/bevry/docpad/commits?author=sorin-ionescu)\n- [Stefan](https://github.com/stegrams) — [view contributions](https://github.com/bevry/docpad/commits?author=stegrams)\n- [Sven Vetsch](https://github.com/disenchant) — [view contributions](https://github.com/bevry/docpad/commits?author=disenchant)\n- [timaschew](https://github.com/timaschew) — [view contributions](https://github.com/bevry/docpad/commits?author=timaschew)\n- [Todd Anglin](https://github.com/toddanglin) — [view contributions](https://github.com/bevry/docpad/commits?author=toddanglin)\n- [ttamminen](https://github.com/ttamminen) — [view contributions](https://github.com/bevry/docpad/commits?author=ttamminen)\n- [unframework](https://github.com/unframework) — [view contributions](https://github.com/bevry/docpad/commits?author=unframework)\n- [Vladislav Botvin](https://github.com/darrrk) <darkvlados@me.com> — [view contributions](https://github.com/bevry/docpad/commits?author=darrrk)\n- [Zhao Lei](https://github.com/firede) <aicoylei@gmail.com> — [view contributions](https://github.com/bevry/docpad/commits?author=firede)\n\n[Become a contributor!](https://github.com/bevry/docpad/blob/master/CONTRIBUTING.md#files)\n\n<!-- /BACKERS -->\n\n\n### Participants\nAlso thanks to all the countless others who have continued to raise DocPad even higher by submitting plugins, issues reports, discussion topics, IRC chat messages, and praise on twitter. We love you.\n\n\n<!-- LICENSE/ -->\n\n## License\n\nLicensed under the incredibly [permissive](http://en.wikipedia.org/wiki/Permissive_free_software_licence) [MIT license](http://docpad.org/license)\n\nCopyright &copy; 2012+ Bevry Pty Ltd <us@bevry.me> (http://bevry.me)\n<br/>Copyright &copy; 2011 Benjamin Lupton <b@lupton.cc> (http://balupton.com)\n\n<!-- /LICENSE -->\n\n\n',
178 silly resolved     readmeFilename: 'README.md',
178 silly resolved     _id: 'docpad@6.60.4',
178 silly resolved     dist: { shasum: '41b1d22c7213d9c0771e07e1f677347cac194e33' },
178 silly resolved     _from: 'docpad@~6.60.3',
178 silly resolved     _resolved: 'https://registry.npmjs.org/docpad/-/docpad-6.60.4.tgz' } ]
179 info install docpad@6.60.4 into c:\Users\Mikeumus\Desktop\MDM\Projects\MDM-Projects\bshares.co\Development\Staging
180 info installOne docpad@6.60.4
181 info c:\Users\Mikeumus\Desktop\MDM\Projects\MDM-Projects\bshares.co\Development\Staging\node_modules\docpad unbuild
182 info preuninstall docpad@6.63.0
183 info uninstall docpad@6.63.0
184 verbose true,c:\Users\Mikeumus\Desktop\MDM\Projects\MDM-Projects\bshares.co\Development\Staging\node_modules,c:\Users\Mikeumus\Desktop\MDM\Projects\MDM-Projects\bshares.co\Development\Staging\node_modules unbuild docpad@6.63.0
185 verbose c:\Users\Mikeumus\Desktop\MDM\Projects\MDM-Projects\bshares.co\Development\Staging\node_modules\.bin,[object Object] binRoot
186 info postuninstall docpad@6.63.0
187 info c:\Users\Mikeumus\Desktop\MDM\Projects\MDM-Projects\bshares.co\Development\Staging\node_modules\docpad unbuild
188 error error rolling back Error: EPERM, unlink 'c:\Users\Mikeumus\Desktop\MDM\Projects\MDM-Projects\bshares.co\Development\Staging\node_modules\docpad\node_modules\cson\node_modules\coffee-script\lib\coffee-script\nodes.js'
188 error error rolling back  docpad@6.60.4 { [Error: EPERM, unlink 'c:\Users\Mikeumus\Desktop\MDM\Projects\MDM-Projects\bshares.co\Development\Staging\node_modules\docpad\node_modules\cson\node_modules\coffee-script\lib\coffee-script\nodes.js']
188 error error rolling back   errno: 50,
188 error error rolling back   code: 'EPERM',
188 error error rolling back   path: 'c:\\Users\\Mikeumus\\Desktop\\MDM\\Projects\\MDM-Projects\\bshares.co\\Development\\Staging\\node_modules\\docpad\\node_modules\\cson\\node_modules\\coffee-script\\lib\\coffee-script\\nodes.js' }
189 error Error: EPERM, unlink 'c:\Users\Mikeumus\Desktop\MDM\Projects\MDM-Projects\bshares.co\Development\Staging\node_modules\docpad\node_modules\cson\node_modules\coffee-script\lib\coffee-script\nodes.js'
189 error  { [Error: EPERM, unlink 'c:\Users\Mikeumus\Desktop\MDM\Projects\MDM-Projects\bshares.co\Development\Staging\node_modules\docpad\node_modules\cson\node_modules\coffee-script\lib\coffee-script\nodes.js']
189 error   errno: 50,
189 error   code: 'EPERM',
189 error   path: 'c:\\Users\\Mikeumus\\Desktop\\MDM\\Projects\\MDM-Projects\\bshares.co\\Development\\Staging\\node_modules\\docpad\\node_modules\\cson\\node_modules\\coffee-script\\lib\\coffee-script\\nodes.js' }
190 error Please try running this command again as root/Administrator.
191 error System Windows_NT 6.2.9200
192 error command "c:\\Program Files\\nodejs\\\\node.exe" "c:\\Program Files\\nodejs\\node_modules\\npm\\bin\\npm-cli.js" "install"
193 error cwd c:\Users\Mikeumus\Desktop\MDM\Projects\MDM-Projects\bshares.co\Development\Staging
194 error node -v v0.10.24
195 error npm -v 1.3.21
196 error path c:\Users\Mikeumus\Desktop\MDM\Projects\MDM-Projects\bshares.co\Development\Staging\node_modules\docpad\node_modules\cson\node_modules\coffee-script\lib\coffee-script\nodes.js
197 error code EPERM
198 error errno 50
199 error stack Error: EPERM, unlink 'c:\Users\Mikeumus\Desktop\MDM\Projects\MDM-Projects\bshares.co\Development\Staging\node_modules\docpad\node_modules\cson\node_modules\coffee-script\lib\coffee-script\nodes.js'
200 verbose exit [ 50, true ]
